2024-11-13 10:47:51: == Sync Started by User Command
2024-11-13 10:47:55: Create Folder ftp://ftpupload.net:21/htdocs/AdventCalendar/img
2024-11-13 10:47:57: Copy New 'dropbox://api.dropbox.com/Websites/Kenny's Website/htdocs/AdventCalendar/android-icon-144x144.png' -> 'ftp://ftpupload.net:21/htdocs/AdventCalendar/android-icon-144x144.png' (12,567)
2024-11-13 10:48:00: Copy New 'dropbox://api.dropbox.com/Websites/Kenny's Website/htdocs/AdventCalendar/android-icon-192x192.png' -> 'ftp://ftpupload.net:21/htdocs/AdventCalendar/android-icon-192x192.png' (19,666)
2024-11-13 10:48:02: Copy New 'dropbox://api.dropbox.com/Websites/Kenny's Website/htdocs/AdventCalendar/android-icon-36x36.png' -> 'ftp://ftpupload.net:21/htdocs/AdventCalendar/android-icon-36x36.png' (2,434)
2024-11-13 10:48:04: Copy New 'dropbox://api.dropbox.com/Websites/Kenny's Website/htdocs/AdventCalendar/android-icon-48x48.png' -> 'ftp://ftpupload.net:21/htdocs/AdventCalendar/android-icon-48x48.png' (3,283)
2024-11-13 10:48:07: Copy New 'dropbox://api.dropbox.com/Websites/Kenny's Website/htdocs/AdventCalendar/android-icon-72x72.png' -> 'ftp://ftpupload.net:21/htdocs/AdventCalendar/android-icon-72x72.png' (5,155)
2024-11-13 10:48:09: Copy New 'dropbox://api.dropbox.com/Websites/Kenny's Website/htdocs/AdventCalendar/android-icon-96x96.png' -> 'ftp://ftpupload.net:21/htdocs/AdventCalendar/android-icon-96x96.png' (7,236)
2024-11-13 10:48:11: Copy New 'dropbox://api.dropbox.com/Websites/Kenny's Website/htdocs/AdventCalendar/apple-icon-114x114.png' -> 'ftp://ftpupload.net:21/htdocs/AdventCalendar/apple-icon-114x114.png' (8,908)
2024-11-13 10:48:13: Copy New 'dropbox://api.dropbox.com/Websites/Kenny's Website/htdocs/AdventCalendar/apple-icon-120x120.png' -> 'ftp://ftpupload.net:21/htdocs/AdventCalendar/apple-icon-120x120.png' (9,609)
2024-11-13 10:48:16: Copy New 'dropbox://api.dropbox.com/Websites/Kenny's Website/htdocs/AdventCalendar/apple-icon-144x144.png' -> 'ftp://ftpupload.net:21/htdocs/AdventCalendar/apple-icon-144x144.png' (12,567)
2024-11-13 10:48:18: Copy New 'dropbox://api.dropbox.com/Websites/Kenny's Website/htdocs/AdventCalendar/apple-icon-152x152.png' -> 'ftp://ftpupload.net:21/htdocs/AdventCalendar/apple-icon-152x152.png' (13,646)
2024-11-13 10:48:20: Copy New 'dropbox://api.dropbox.com/Websites/Kenny's Website/htdocs/AdventCalendar/apple-icon-180x180.png' -> 'ftp://ftpupload.net:21/htdocs/AdventCalendar/apple-icon-180x180.png' (17,913)
2024-11-13 10:48:22: Copy New 'dropbox://api.dropbox.com/Websites/Kenny's Website/htdocs/AdventCalendar/apple-icon-57x57.png' -> 'ftp://ftpupload.net:21/htdocs/AdventCalendar/apple-icon-57x57.png' (3,965)
2024-11-13 10:48:25: Copy New 'dropbox://api.dropbox.com/Websites/Kenny's Website/htdocs/AdventCalendar/apple-icon-60x60.png' -> 'ftp://ftpupload.net:21/htdocs/AdventCalendar/apple-icon-60x60.png' (4,238)
2024-11-13 10:48:27: Copy New 'dropbox://api.dropbox.com/Websites/Kenny's Website/htdocs/AdventCalendar/apple-icon-72x72.png' -> 'ftp://ftpupload.net:21/htdocs/AdventCalendar/apple-icon-72x72.png' (5,155)
2024-11-13 10:48:29: Copy New 'dropbox://api.dropbox.com/Websites/Kenny's Website/htdocs/AdventCalendar/apple-icon-76x76.png' -> 'ftp://ftpupload.net:21/htdocs/AdventCalendar/apple-icon-76x76.png' (5,459)
2024-11-13 10:48:32: Copy New 'dropbox://api.dropbox.com/Websites/Kenny's Website/htdocs/AdventCalendar/apple-icon-precomposed.png' -> 'ftp://ftpupload.net:21/htdocs/AdventCalendar/apple-icon-precomposed.png' (20,155)
2024-11-13 10:48:34: Copy New 'dropbox://api.dropbox.com/Websites/Kenny's Website/htdocs/AdventCalendar/apple-icon.png' -> 'ftp://ftpupload.net:21/htdocs/AdventCalendar/apple-icon.png' (20,155)
2024-11-13 10:48:36: Copy New 'dropbox://api.dropbox.com/Websites/Kenny's Website/htdocs/AdventCalendar/browserconfig.xml' -> 'ftp://ftpupload.net:21/htdocs/AdventCalendar/browserconfig.xml' (281)
2024-11-13 10:48:38: Copy New 'dropbox://api.dropbox.com/Websites/Kenny's Website/htdocs/AdventCalendar/Day1.html' -> 'ftp://ftpupload.net:21/htdocs/AdventCalendar/Day1.html' (1,022)
2024-11-13 10:48:40: Copy New 'dropbox://api.dropbox.com/Websites/Kenny's Website/htdocs/AdventCalendar/Day10.html' -> 'ftp://ftpupload.net:21/htdocs/AdventCalendar/Day10.html' (1,007)
2024-11-13 10:48:43: Copy New 'dropbox://api.dropbox.com/Websites/Kenny's Website/htdocs/AdventCalendar/Day11.html' -> 'ftp://ftpupload.net:21/htdocs/AdventCalendar/Day11.html' (1,005)
2024-11-13 10:48:45: Copy New 'dropbox://api.dropbox.com/Websites/Kenny's Website/htdocs/AdventCalendar/Day12.html' -> 'ftp://ftpupload.net:21/htdocs/AdventCalendar/Day12.html' (925)
2024-11-13 10:48:47: Copy New 'dropbox://api.dropbox.com/Websites/Kenny's Website/htdocs/AdventCalendar/Day13.html' -> 'ftp://ftpupload.net:21/htdocs/AdventCalendar/Day13.html' (1,032)
2024-11-13 10:48:50: Copy New 'dropbox://api.dropbox.com/Websites/Kenny's Website/htdocs/AdventCalendar/Day14.html' -> 'ftp://ftpupload.net:21/htdocs/AdventCalendar/Day14.html' (972)
2024-11-13 10:48:52: Copy New 'dropbox://api.dropbox.com/Websites/Kenny's Website/htdocs/AdventCalendar/Day15.html' -> 'ftp://ftpupload.net:21/htdocs/AdventCalendar/Day15.html' (972)
2024-11-13 10:48:54: Copy New 'dropbox://api.dropbox.com/Websites/Kenny's Website/htdocs/AdventCalendar/Day16.html' -> 'ftp://ftpupload.net:21/htdocs/AdventCalendar/Day16.html' (990)
2024-11-13 10:48:56: Copy New 'dropbox://api.dropbox.com/Websites/Kenny's Website/htdocs/AdventCalendar/Day17.html' -> 'ftp://ftpupload.net:21/htdocs/AdventCalendar/Day17.html' (988)
2024-11-13 10:48:59: Copy New 'dropbox://api.dropbox.com/Websites/Kenny's Website/htdocs/AdventCalendar/Day18.html' -> 'ftp://ftpupload.net:21/htdocs/AdventCalendar/Day18.html' (987)
2024-11-13 10:49:01: Copy New 'dropbox://api.dropbox.com/Websites/Kenny's Website/htdocs/AdventCalendar/Day19.html' -> 'ftp://ftpupload.net:21/htdocs/AdventCalendar/Day19.html' (973)
2024-11-13 10:49:03: Copy New 'dropbox://api.dropbox.com/Websites/Kenny's Website/htdocs/AdventCalendar/Day2.html' -> 'ftp://ftpupload.net:21/htdocs/AdventCalendar/Day2.html' (932)
2024-11-13 10:49:06: Copy New 'dropbox://api.dropbox.com/Websites/Kenny's Website/htdocs/AdventCalendar/Day20.html' -> 'ftp://ftpupload.net:21/htdocs/AdventCalendar/Day20.html' (989)
2024-11-13 10:49:09: Copy New 'dropbox://api.dropbox.com/Websites/Kenny's Website/htdocs/AdventCalendar/Day21.html' -> 'ftp://ftpupload.net:21/htdocs/AdventCalendar/Day21.html' (986)
2024-11-13 10:49:11: Copy New 'dropbox://api.dropbox.com/Websites/Kenny's Website/htdocs/AdventCalendar/Day22.html' -> 'ftp://ftpupload.net:21/htdocs/AdventCalendar/Day22.html' (979)
2024-11-13 10:49:13: Copy New 'dropbox://api.dropbox.com/Websites/Kenny's Website/htdocs/AdventCalendar/Day23.html' -> 'ftp://ftpupload.net:21/htdocs/AdventCalendar/Day23.html' (981)
2024-11-13 10:49:16: Copy New 'dropbox://api.dropbox.com/Websites/Kenny's Website/htdocs/AdventCalendar/Day24.html' -> 'ftp://ftpupload.net:21/htdocs/AdventCalendar/Day24.html' (987)
2024-11-13 10:49:18: Copy New 'dropbox://api.dropbox.com/Websites/Kenny's Website/htdocs/AdventCalendar/Day3.html' -> 'ftp://ftpupload.net:21/htdocs/AdventCalendar/Day3.html' (943)
2024-11-13 10:49:20: Copy New 'dropbox://api.dropbox.com/Websites/Kenny's Website/htdocs/AdventCalendar/Day4.html' -> 'ftp://ftpupload.net:21/htdocs/AdventCalendar/Day4.html' (956)
2024-11-13 10:49:22: Copy New 'dropbox://api.dropbox.com/Websites/Kenny's Website/htdocs/AdventCalendar/Day5.html' -> 'ftp://ftpupload.net:21/htdocs/AdventCalendar/Day5.html' (944)
2024-11-13 10:49:24: Copy New 'dropbox://api.dropbox.com/Websites/Kenny's Website/htdocs/AdventCalendar/Day6.html' -> 'ftp://ftpupload.net:21/htdocs/AdventCalendar/Day6.html' (951)
2024-11-13 10:49:26: Copy New 'dropbox://api.dropbox.com/Websites/Kenny's Website/htdocs/AdventCalendar/Day7.html' -> 'ftp://ftpupload.net:21/htdocs/AdventCalendar/Day7.html' (953)
2024-11-13 10:49:29: Copy New 'dropbox://api.dropbox.com/Websites/Kenny's Website/htdocs/AdventCalendar/Day8.html' -> 'ftp://ftpupload.net:21/htdocs/AdventCalendar/Day8.html' (961)
2024-11-13 10:49:31: Copy New 'dropbox://api.dropbox.com/Websites/Kenny's Website/htdocs/AdventCalendar/Day9.html' -> 'ftp://ftpupload.net:21/htdocs/AdventCalendar/Day9.html' (989)
2024-11-13 10:49:33: Copy New 'dropbox://api.dropbox.com/Websites/Kenny's Website/htdocs/AdventCalendar/favicon-16x16.png' -> 'ftp://ftpupload.net:21/htdocs/AdventCalendar/favicon-16x16.png' (1,245)
2024-11-13 10:49:35: Copy New 'dropbox://api.dropbox.com/Websites/Kenny's Website/htdocs/AdventCalendar/favicon-32x32.png' -> 'ftp://ftpupload.net:21/htdocs/AdventCalendar/favicon-32x32.png' (2,150)
2024-11-13 10:49:38: Copy New 'dropbox://api.dropbox.com/Websites/Kenny's Website/htdocs/AdventCalendar/favicon-96x96.png' -> 'ftp://ftpupload.net:21/htdocs/AdventCalendar/favicon-96x96.png' (7,236)
2024-11-13 10:49:41: Copy New 'dropbox://api.dropbox.com/Websites/Kenny's Website/htdocs/AdventCalendar/favicon.ico' -> 'ftp://ftpupload.net:21/htdocs/AdventCalendar/favicon.ico' (1,150)
2024-11-13 10:49:43: Copy New 'dropbox://api.dropbox.com/Websites/Kenny's Website/htdocs/AdventCalendar/Hunt1.html' -> 'ftp://ftpupload.net:21/htdocs/AdventCalendar/Hunt1.html' (978)
2024-11-13 10:49:46: Copy New 'dropbox://api.dropbox.com/Websites/Kenny's Website/htdocs/AdventCalendar/Hunt12.html' -> 'ftp://ftpupload.net:21/htdocs/AdventCalendar/Hunt12.html' (1,056)
2024-11-13 10:49:48: Copy New 'dropbox://api.dropbox.com/Websites/Kenny's Website/htdocs/AdventCalendar/img/1.jpg' -> 'ftp://ftpupload.net:21/htdocs/AdventCalendar/img/1.jpg' (41,959)
2024-11-13 10:49:51: Copy New 'dropbox://api.dropbox.com/Websites/Kenny's Website/htdocs/AdventCalendar/img/10.jpg' -> 'ftp://ftpupload.net:21/htdocs/AdventCalendar/img/10.jpg' (49,008)
2024-11-13 10:49:54: Copy New 'dropbox://api.dropbox.com/Websites/Kenny's Website/htdocs/AdventCalendar/img/11.jpg' -> 'ftp://ftpupload.net:21/htdocs/AdventCalendar/img/11.jpg' (35,889)
2024-11-13 10:49:59: Copy New 'dropbox://api.dropbox.com/Websites/Kenny's Website/htdocs/AdventCalendar/img/12.jpg' -> 'ftp://ftpupload.net:21/htdocs/AdventCalendar/img/12.jpg' (45,639)
2024-11-13 10:50:01: Copy New 'dropbox://api.dropbox.com/Websites/Kenny's Website/htdocs/AdventCalendar/img/13.jpg' -> 'ftp://ftpupload.net:21/htdocs/AdventCalendar/img/13.jpg' (40,353)
2024-11-13 10:50:04: Copy New 'dropbox://api.dropbox.com/Websites/Kenny's Website/htdocs/AdventCalendar/img/14.jpg' -> 'ftp://ftpupload.net:21/htdocs/AdventCalendar/img/14.jpg' (41,481)
2024-11-13 10:50:07: Copy New 'dropbox://api.dropbox.com/Websites/Kenny's Website/htdocs/AdventCalendar/img/15.jpg' -> 'ftp://ftpupload.net:21/htdocs/AdventCalendar/img/15.jpg' (44,358)
2024-11-13 10:50:10: Copy New 'dropbox://api.dropbox.com/Websites/Kenny's Website/htdocs/AdventCalendar/img/16.jpg' -> 'ftp://ftpupload.net:21/htdocs/AdventCalendar/img/16.jpg' (39,093)
2024-11-13 10:50:13: Copy New 'dropbox://api.dropbox.com/Websites/Kenny's Website/htdocs/AdventCalendar/img/17.jpg' -> 'ftp://ftpupload.net:21/htdocs/AdventCalendar/img/17.jpg' (45,291)
2024-11-13 10:50:15: Copy New 'dropbox://api.dropbox.com/Websites/Kenny's Website/htdocs/AdventCalendar/img/18.jpg' -> 'ftp://ftpupload.net:21/htdocs/AdventCalendar/img/18.jpg' (44,934)
2024-11-13 10:50:19: Copy New 'dropbox://api.dropbox.com/Websites/Kenny's Website/htdocs/AdventCalendar/img/19.jpg' -> 'ftp://ftpupload.net:21/htdocs/AdventCalendar/img/19.jpg' (48,929)
2024-11-13 10:50:21: Copy New 'dropbox://api.dropbox.com/Websites/Kenny's Website/htdocs/AdventCalendar/img/2.jpg' -> 'ftp://ftpupload.net:21/htdocs/AdventCalendar/img/2.jpg' (49,214)
2024-11-13 10:50:24: Copy New 'dropbox://api.dropbox.com/Websites/Kenny's Website/htdocs/AdventCalendar/img/20.jpg' -> 'ftp://ftpupload.net:21/htdocs/AdventCalendar/img/20.jpg' (39,878)
2024-11-13 10:50:27: Copy New 'dropbox://api.dropbox.com/Websites/Kenny's Website/htdocs/AdventCalendar/img/21.jpg' -> 'ftp://ftpupload.net:21/htdocs/AdventCalendar/img/21.jpg' (44,171)
2024-11-13 10:50:30: Copy New 'dropbox://api.dropbox.com/Websites/Kenny's Website/htdocs/AdventCalendar/img/22.jpg' -> 'ftp://ftpupload.net:21/htdocs/AdventCalendar/img/22.jpg' (38,783)
2024-11-13 10:50:33: Copy New 'dropbox://api.dropbox.com/Websites/Kenny's Website/htdocs/AdventCalendar/img/23.jpg' -> 'ftp://ftpupload.net:21/htdocs/AdventCalendar/img/23.jpg' (42,931)
2024-11-13 10:50:35: Copy New 'dropbox://api.dropbox.com/Websites/Kenny's Website/htdocs/AdventCalendar/img/24.jpg' -> 'ftp://ftpupload.net:21/htdocs/AdventCalendar/img/24.jpg' (46,156)
2024-11-13 10:50:38: Copy New 'dropbox://api.dropbox.com/Websites/Kenny's Website/htdocs/AdventCalendar/img/3.jpg' -> 'ftp://ftpupload.net:21/htdocs/AdventCalendar/img/3.jpg' (49,500)
2024-11-13 10:50:41: Copy New 'dropbox://api.dropbox.com/Websites/Kenny's Website/htdocs/AdventCalendar/img/4.jpg' -> 'ftp://ftpupload.net:21/htdocs/AdventCalendar/img/4.jpg' (37,336)
2024-11-13 10:50:44: Copy New 'dropbox://api.dropbox.com/Websites/Kenny's Website/htdocs/AdventCalendar/img/5.jpg' -> 'ftp://ftpupload.net:21/htdocs/AdventCalendar/img/5.jpg' (49,592)
2024-11-13 10:50:47: Copy New 'dropbox://api.dropbox.com/Websites/Kenny's Website/htdocs/AdventCalendar/img/6.jpg' -> 'ftp://ftpupload.net:21/htdocs/AdventCalendar/img/6.jpg' (44,601)
2024-11-13 10:50:50: Copy New 'dropbox://api.dropbox.com/Websites/Kenny's Website/htdocs/AdventCalendar/img/7.jpg' -> 'ftp://ftpupload.net:21/htdocs/AdventCalendar/img/7.jpg' (42,101)
2024-11-13 10:50:53: Copy New 'dropbox://api.dropbox.com/Websites/Kenny's Website/htdocs/AdventCalendar/img/8.jpg' -> 'ftp://ftpupload.net:21/htdocs/AdventCalendar/img/8.jpg' (46,411)
2024-11-13 10:50:56: Copy New 'dropbox://api.dropbox.com/Websites/Kenny's Website/htdocs/AdventCalendar/img/9.jpg' -> 'ftp://ftpupload.net:21/htdocs/AdventCalendar/img/9.jpg' (47,241)
2024-11-13 10:50:58: Copy New 'dropbox://api.dropbox.com/Websites/Kenny's Website/htdocs/AdventCalendar/index.html' -> 'ftp://ftpupload.net:21/htdocs/AdventCalendar/index.html' (5,013)
2024-11-13 10:51:01: Copy New 'dropbox://api.dropbox.com/Websites/Kenny's Website/htdocs/AdventCalendar/javascript.js' -> 'ftp://ftpupload.net:21/htdocs/AdventCalendar/javascript.js' (553)
2024-11-13 10:51:03: Copy New 'dropbox://api.dropbox.com/Websites/Kenny's Website/htdocs/AdventCalendar/jquery-1.6.4.min.js' -> 'ftp://ftpupload.net:21/htdocs/AdventCalendar/jquery-1.6.4.min.js' (91,671)
2024-11-13 10:51:05: Copy New 'dropbox://api.dropbox.com/Websites/Kenny's Website/htdocs/AdventCalendar/jquery.textfill.min.js' -> 'ftp://ftpupload.net:21/htdocs/AdventCalendar/jquery.textfill.min.js' (2,700)
2024-11-13 10:51:07: Copy New 'dropbox://api.dropbox.com/Websites/Kenny's Website/htdocs/AdventCalendar/manifest.json' -> 'ftp://ftpupload.net:21/htdocs/AdventCalendar/manifest.json' (720)
2024-11-13 10:51:10: Copy New 'dropbox://api.dropbox.com/Websites/Kenny's Website/htdocs/AdventCalendar/ms-icon-144x144.png' -> 'ftp://ftpupload.net:21/htdocs/AdventCalendar/ms-icon-144x144.png' (12,567)
2024-11-13 10:51:12: Copy New 'dropbox://api.dropbox.com/Websites/Kenny's Website/htdocs/AdventCalendar/ms-icon-150x150.png' -> 'ftp://ftpupload.net:21/htdocs/AdventCalendar/ms-icon-150x150.png' (13,429)
2024-11-13 10:51:15: Copy New 'dropbox://api.dropbox.com/Websites/Kenny's Website/htdocs/AdventCalendar/ms-icon-310x310.png' -> 'ftp://ftpupload.net:21/htdocs/AdventCalendar/ms-icon-310x310.png' (42,280)
2024-11-13 10:51:18: Copy New 'dropbox://api.dropbox.com/Websites/Kenny's Website/htdocs/AdventCalendar/ms-icon-70x70.png' -> 'ftp://ftpupload.net:21/htdocs/AdventCalendar/ms-icon-70x70.png' (4,958)
2024-11-13 10:51:20: Copy New 'dropbox://api.dropbox.com/Websites/Kenny's Website/htdocs/AdventCalendar/snowfall.js' -> 'ftp://ftpupload.net:21/htdocs/AdventCalendar/snowfall.js' (2,520)
2024-11-13 10:51:23: Copy New 'dropbox://api.dropbox.com/Websites/Kenny's Website/htdocs/AdventCalendar/style.css' -> 'ftp://ftpupload.net:21/htdocs/AdventCalendar/style.css' (2,121)
2024-11-13 10:51:26: Copy New 'dropbox://api.dropbox.com/Websites/Kenny's Website/htdocs/AdventCalendar/Tree Final.jpg' -> 'ftp://ftpupload.net:21/htdocs/AdventCalendar/Tree Final.jpg' (223,917)
2024-11-13 10:51:31: == Sync Complete. Time: 00:03:42, Speed: 26.30 KB/s, OK: 85, Errors: 0
